train len: 24271
test len: 7585
valid len 6068
epoch:0000,------------loss:4758.5341796875
epoch:0000,------------loss:321.495361328125
epoch:0000,------------loss:185.82550048828125
epoch:0000,------------loss:149.52493286132812
              precision    recall  f1-score   support

           1       0.75      0.73      0.74      3593
           2       0.85      0.81      0.83      2808
           3       0.80      0.77      0.78      3596
           4       0.84      0.66      0.74      1771
           5       0.86      0.71      0.78      6500
           6       0.86      0.67      0.75      1772
           7       0.68      0.54      0.60      2170
           8       0.84      0.76      0.80      3123
           9       0.93      0.97      0.95     62958
          10       0.90      0.82      0.86      3123

    accuracy                           0.90     91414
   macro avg       0.83      0.74      0.78     91414
weighted avg       0.89      0.90      0.89     91414

epoch:0001,------------loss:132.42074584960938
epoch:0001,------------loss:113.16262817382812
epoch:0001,------------loss:84.33966064453125
epoch:0001,------------loss:75.56259155273438
              precision    recall  f1-score   support

           1       0.85      0.82      0.83      3593
           2       0.89      0.89      0.89      2808
           3       0.87      0.84      0.86      3596
           4       0.85      0.85      0.85      1771
           5       0.86      0.89      0.87      6500
           6       0.85      0.86      0.86      1772
           7       0.74      0.77      0.75      2170
           8       0.90      0.85      0.87      3123
           9       0.97      0.97      0.97     62958
          10       0.94      0.88      0.91      3123

    accuracy                           0.93     91414
   macro avg       0.87      0.86      0.87     91414
weighted avg       0.93      0.93      0.93     91414

epoch:0002,------------loss:116.87350463867188
epoch:0002,------------loss:95.8511962890625
epoch:0002,------------loss:46.4471435546875
epoch:0002,------------loss:47.671630859375
              precision    recall  f1-score   support

           1       0.88      0.86      0.87      3593
           2       0.90      0.93      0.91      2808
           3       0.90      0.88      0.89      3596
           4       0.88      0.86      0.87      1771
           5       0.90      0.86      0.88      6500
           6       0.88      0.86      0.87      1772
           7       0.82      0.77      0.80      2170
           8       0.91      0.89      0.90      3123
           9       0.97      0.98      0.97     62958
          10       0.94      0.92      0.93      3123

    accuracy                           0.94     91414
   macro avg       0.90      0.88      0.89     91414
weighted avg       0.94      0.94      0.94     91414

epoch:0003,------------loss:41.3984375
epoch:0003,------------loss:22.30047607421875
epoch:0003,------------loss:32.786712646484375
epoch:0003,------------loss:48.04779052734375
              precision    recall  f1-score   support

           1       0.90      0.86      0.88      3593
           2       0.91      0.94      0.93      2808
           3       0.92      0.88      0.90      3596
           4       0.88      0.88      0.88      1771
           5       0.89      0.89      0.89      6500
           6       0.88      0.88      0.88      1772
           7       0.84      0.80      0.82      2170
           8       0.91      0.91      0.91      3123
           9       0.97      0.98      0.97     62958
          10       0.93      0.93      0.93      3123

    accuracy                           0.95     91414
   macro avg       0.90      0.90      0.90     91414
weighted avg       0.95      0.95      0.95     91414

epoch:0004,------------loss:32.199066162109375
epoch:0004,------------loss:48.9981689453125
epoch:0004,------------loss:25.522216796875
epoch:0004,------------loss:27.53851318359375
              precision    recall  f1-score   support

           1       0.89      0.88      0.88      3593
           2       0.95      0.92      0.93      2808
           3       0.91      0.90      0.90      3596
           4       0.86      0.90      0.88      1771
           5       0.86      0.93      0.89      6500
           6       0.87      0.92      0.89      1772
           7       0.80      0.85      0.83      2170
           8       0.95      0.90      0.92      3123
           9       0.98      0.97      0.98     62958
          10       0.96      0.91      0.94      3123

    accuracy                           0.95     91414
   macro avg       0.90      0.91      0.91     91414
weighted avg       0.95      0.95      0.95     91414

epoch:0005,------------loss:17.3994140625
epoch:0005,------------loss:20.576324462890625
epoch:0005,------------loss:15.075286865234375
epoch:0005,------------loss:16.54888916015625
              precision    recall  f1-score   support

           1       0.91      0.88      0.89      3593
           2       0.93      0.95      0.94      2808
           3       0.93      0.90      0.91      3596
           4       0.89      0.89      0.89      1771
           5       0.90      0.90      0.90      6500
           6       0.90      0.90      0.90      1772
           7       0.84      0.83      0.84      2170
           8       0.94      0.92      0.93      3123
           9       0.97      0.98      0.98     62958
          10       0.96      0.93      0.94      3123

    accuracy                           0.96     91414
   macro avg       0.92      0.91      0.91     91414
weighted avg       0.96      0.96      0.96     91414

epoch:0006,------------loss:16.368560791015625
epoch:0006,------------loss:32.775146484375
epoch:0006,------------loss:10.2752685546875
epoch:0006,------------loss:21.678375244140625
              precision    recall  f1-score   support

           1       0.89      0.90      0.90      3593
           2       0.94      0.95      0.94      2808
           3       0.91      0.92      0.91      3596
           4       0.90      0.89      0.89      1771
           5       0.91      0.87      0.89      6500
           6       0.90      0.89      0.90      1772
           7       0.83      0.84      0.84      2170
           8       0.94      0.92      0.93      3123
           9       0.98      0.98      0.98     62958
          10       0.95      0.94      0.94      3123

    accuracy                           0.96     91414
   macro avg       0.92      0.91      0.91     91414
weighted avg       0.96      0.96      0.96     91414

epoch:0007,------------loss:13.365997314453125
epoch:0007,------------loss:15.6705322265625
epoch:0007,------------loss:18.03094482421875
epoch:0007,------------loss:16.836761474609375
              precision    recall  f1-score   support

           1       0.91      0.90      0.90      3593
           2       0.95      0.95      0.95      2808
           3       0.92      0.91      0.92      3596
           4       0.89      0.91      0.90      1771
           5       0.89      0.92      0.90      6500
           6       0.89      0.92      0.91      1772
           7       0.85      0.84      0.85      2170
           8       0.94      0.92      0.93      3123
           9       0.98      0.98      0.98     62958
          10       0.96      0.93      0.94      3123

    accuracy                           0.96     91414
   macro avg       0.92      0.92      0.92     91414
weighted avg       0.96      0.96      0.96     91414

epoch:0008,------------loss:11.093017578125
epoch:0008,------------loss:33.572357177734375
epoch:0008,------------loss:26.29010009765625
epoch:0008,------------loss:13.65338134765625
              precision    recall  f1-score   support

           1       0.89      0.90      0.90      3593
           2       0.96      0.92      0.94      2808
           3       0.91      0.92      0.92      3596
           4       0.91      0.88      0.90      1771
           5       0.91      0.87      0.89      6500
           6       0.92      0.89      0.91      1772
           7       0.84      0.84      0.84      2170
           8       0.96      0.90      0.93      3123
           9       0.97      0.98      0.98     62958
          10       0.97      0.92      0.94      3123

    accuracy                           0.96     91414
   macro avg       0.93      0.90      0.91     91414
weighted avg       0.96      0.96      0.96     91414

epoch:0009,------------loss:4.7459716796875
epoch:0009,------------loss:18.240203857421875
epoch:0009,------------loss:29.3743896484375
epoch:0009,------------loss:7.626617431640625
              precision    recall  f1-score   support

           1       0.91      0.89      0.90      3593
           2       0.95      0.94      0.95      2808
           3       0.93      0.91      0.92      3596
           4       0.91      0.92      0.91      1771
           5       0.91      0.91      0.91      6500
           6       0.91      0.92      0.92      1772
           7       0.86      0.83      0.85      2170
           8       0.95      0.93      0.94      3123
           9       0.98      0.98      0.98     62958
          10       0.96      0.94      0.95      3123

    accuracy                           0.96     91414
   macro avg       0.93      0.92      0.92     91414
weighted avg       0.96      0.96      0.96     91414