train len: 24271
test len: 7585
valid len 6068
epoch:0000,------------loss:4658.5791015625
epoch:0000,------------loss:322.3564758300781
epoch:0000,------------loss:194.97970581054688
epoch:0000,------------loss:122.354248046875
              precision    recall  f1-score   support

           1       0.82      0.78      0.80      3593
           2       0.85      0.87      0.86      2808
           3       0.84      0.79      0.82      3596
           4       0.82      0.81      0.81      1771
           5       0.81      0.84      0.83      6500
           6       0.83      0.79      0.81      1772
           7       0.73      0.66      0.69      2170
           8       0.87      0.81      0.84      3123
           9       0.95      0.96      0.96     62958
          10       0.91      0.85      0.88      3123

    accuracy                           0.92     91414
   macro avg       0.84      0.82      0.83     91414
weighted avg       0.92      0.92      0.92     91414

epoch:0001,------------loss:79.52867126464844
epoch:0001,------------loss:56.214508056640625
epoch:0001,------------loss:68.25469970703125
epoch:0001,------------loss:58.226226806640625
              precision    recall  f1-score   support

           1       0.85      0.86      0.85      3593
           2       0.93      0.90      0.92      2808
           3       0.87      0.88      0.88      3596
           4       0.90      0.80      0.85      1771
           5       0.92      0.79      0.85      6500
           6       0.90      0.81      0.86      1772
           7       0.77      0.80      0.78      2170
           8       0.92      0.88      0.90      3123
           9       0.96      0.98      0.97     62958
          10       0.95      0.90      0.92      3123

    accuracy                           0.94     91414
   macro avg       0.90      0.86      0.88     91414
weighted avg       0.94      0.94      0.94     91414

epoch:0002,------------loss:63.97491455078125
epoch:0002,------------loss:51.37548828125
epoch:0002,------------loss:50.26605224609375
epoch:0002,------------loss:76.6357421875
              precision    recall  f1-score   support

           1       0.88      0.89      0.88      3593
           2       0.92      0.95      0.94      2808
           3       0.90      0.90      0.90      3596
           4       0.91      0.85      0.88      1771
           5       0.92      0.84      0.88      6500
           6       0.92      0.86      0.89      1772
           7       0.81      0.84      0.82      2170
           8       0.92      0.92      0.92      3123
           9       0.97      0.98      0.98     62958
          10       0.94      0.95      0.94      3123

    accuracy                           0.95     91414
   macro avg       0.91      0.90      0.90     91414
weighted avg       0.95      0.95      0.95     91414

epoch:0003,------------loss:23.900848388671875
epoch:0003,------------loss:43.107635498046875
epoch:0003,------------loss:15.488525390625
epoch:0003,------------loss:34.104339599609375
              precision    recall  f1-score   support

           1       0.90      0.88      0.89      3593
           2       0.95      0.94      0.94      2808
           3       0.92      0.90      0.91      3596
           4       0.90      0.88      0.89      1771
           5       0.91      0.89      0.90      6500
           6       0.92      0.89      0.90      1772
           7       0.88      0.82      0.85      2170
           8       0.94      0.91      0.93      3123
           9       0.97      0.98      0.98     62958
          10       0.96      0.93      0.95      3123

    accuracy                           0.96     91414
   macro avg       0.93      0.90      0.91     91414
weighted avg       0.96      0.96      0.96     91414

epoch:0004,------------loss:26.427581787109375
epoch:0004,------------loss:11.681365966796875
epoch:0004,------------loss:17.55047607421875
epoch:0004,------------loss:17.398681640625
              precision    recall  f1-score   support

           1       0.89      0.90      0.90      3593
           2       0.95      0.95      0.95      2808
           3       0.92      0.92      0.92      3596
           4       0.90      0.90      0.90      1771
           5       0.90      0.90      0.90      6500
           6       0.90      0.91      0.91      1772
           7       0.88      0.82      0.85      2170
           8       0.95      0.92      0.94      3123
           9       0.98      0.98      0.98     62958
          10       0.97      0.94      0.95      3123

    accuracy                           0.96     91414
   macro avg       0.92      0.92      0.92     91414
weighted avg       0.96      0.96      0.96     91414

epoch:0005,------------loss:12.544586181640625
epoch:0005,------------loss:21.2076416015625
epoch:0005,------------loss:19.769927978515625
epoch:0005,------------loss:3.482574462890625
              precision    recall  f1-score   support

           1       0.92      0.89      0.90      3593
           2       0.94      0.96      0.95      2808
           3       0.93      0.90      0.92      3596
           4       0.90      0.91      0.90      1771
           5       0.89      0.92      0.90      6500
           6       0.91      0.92      0.91      1772
           7       0.86      0.86      0.86      2170
           8       0.94      0.93      0.94      3123
           9       0.98      0.98      0.98     62958
          10       0.96      0.95      0.95      3123

    accuracy                           0.96     91414
   macro avg       0.92      0.92      0.92     91414
weighted avg       0.96      0.96      0.96     91414

epoch:0006,------------loss:10.37969970703125
epoch:0006,------------loss:12.285430908203125
epoch:0006,------------loss:11.818511962890625
epoch:0006,------------loss:10.647705078125
              precision    recall  f1-score   support

           1       0.91      0.90      0.91      3593
           2       0.96      0.95      0.95      2808
           3       0.93      0.92      0.92      3596
           4       0.91      0.90      0.90      1771
           5       0.92      0.90      0.91      6500
           6       0.92      0.91      0.91      1772
           7       0.88      0.85      0.86      2170
           8       0.95      0.93      0.94      3123
           9       0.98      0.98      0.98     62958
          10       0.96      0.94      0.95      3123

    accuracy                           0.96     91414
   macro avg       0.93      0.92      0.92     91414
weighted avg       0.96      0.96      0.96     91414

epoch:0007,------------loss:4.289825439453125
epoch:0007,------------loss:5.297943115234375
epoch:0007,------------loss:24.647003173828125
epoch:0007,------------loss:9.7603759765625
              precision    recall  f1-score   support

           1       0.91      0.91      0.91      3593
           2       0.97      0.95      0.96      2808
           3       0.92      0.92      0.92      3596
           4       0.91      0.88      0.90      1771
           5       0.92      0.89      0.90      6500
           6       0.93      0.90      0.91      1772
           7       0.85      0.88      0.87      2170
           8       0.96      0.93      0.94      3123
           9       0.98      0.98      0.98     62958
          10       0.97      0.94      0.95      3123

    accuracy                           0.96     91414
   macro avg       0.93      0.92      0.92     91414
weighted avg       0.96      0.96      0.96     91414

epoch:0008,------------loss:9.47418212890625
epoch:0008,------------loss:5.7950286865234375
epoch:0008,------------loss:7.99774169921875
epoch:0008,------------loss:4.7885284423828125
              precision    recall  f1-score   support

           1       0.91      0.91      0.91      3593
           2       0.95      0.96      0.95      2808
           3       0.93      0.93      0.93      3596
           4       0.89      0.92      0.91      1771
           5       0.89      0.93      0.91      6500
           6       0.90      0.93      0.91      1772
           7       0.85      0.88      0.86      2170
           8       0.95      0.94      0.94      3123
           9       0.98      0.98      0.98     62958
          10       0.96      0.95      0.95      3123

    accuracy                           0.96     91414
   macro avg       0.92      0.93      0.93     91414
weighted avg       0.96      0.96      0.96     91414

epoch:0009,------------loss:3.2187042236328125
epoch:0009,------------loss:3.0647125244140625
epoch:0009,------------loss:1.2143630981445312
epoch:0009,------------loss:6.342979431152344
              precision    recall  f1-score   support

           1       0.91      0.91      0.91      3593
           2       0.96      0.95      0.95      2808
           3       0.93      0.93      0.93      3596
           4       0.90      0.90      0.90      1771
           5       0.91      0.90      0.90      6500
           6       0.92      0.91      0.91      1772
           7       0.87      0.87      0.87      2170
           8       0.95      0.93      0.94      3123
           9       0.98      0.98      0.98     62958
          10       0.96      0.94      0.95      3123

    accuracy                           0.96     91414
   macro avg       0.93      0.92      0.93     91414
weighted avg       0.96      0.96      0.96     91414