train len: 24271
test len: 7585
valid len 6068
epoch:0000,------------loss:4514.845703125
epoch:0000,------------loss:184.14743041992188
epoch:0000,------------loss:83.17257690429688
epoch:0000,------------loss:102.86886596679688
              precision    recall  f1-score   support

           1       0.90      0.81      0.85      3593
           2       0.91      0.93      0.92      2808
           3       0.92      0.82      0.87      3596
           4       0.84      0.89      0.86      1771
           5       0.82      0.91      0.86      6500
           6       0.83      0.91      0.87      1772
           7       0.82      0.75      0.78      2170
           8       0.91      0.90      0.90      3123
           9       0.97      0.97      0.97     62958
          10       0.93      0.92      0.93      3123

    accuracy                           0.94     91414
   macro avg       0.89      0.88      0.88     91414
weighted avg       0.94      0.94      0.94     91414

epoch:0001,------------loss:56.493804931640625
epoch:0001,------------loss:40.4190673828125
epoch:0001,------------loss:67.57870483398438
epoch:0001,------------loss:66.19561767578125
              precision    recall  f1-score   support

           1       0.91      0.89      0.90      3593
           2       0.97      0.93      0.95      2808
           3       0.92      0.90      0.91      3596
           4       0.91      0.89      0.90      1771
           5       0.92      0.88      0.90      6500
           6       0.92      0.88      0.90      1772
           7       0.87      0.81      0.84      2170
           8       0.96      0.91      0.93      3123
           9       0.97      0.99      0.98     62958
          10       0.97      0.92      0.95      3123

    accuracy                           0.96     91414
   macro avg       0.93      0.90      0.92     91414
weighted avg       0.96      0.96      0.96     91414

epoch:0002,------------loss:17.81158447265625
epoch:0002,------------loss:12.571502685546875
epoch:0002,------------loss:15.416961669921875
epoch:0002,------------loss:17.2474365234375
              precision    recall  f1-score   support

           1       0.89      0.92      0.90      3593
           2       0.96      0.94      0.95      2808
           3       0.91      0.93      0.92      3596
           4       0.91      0.89      0.90      1771
           5       0.92      0.88      0.90      6500
           6       0.92      0.90      0.91      1772
           7       0.86      0.85      0.86      2170
           8       0.95      0.93      0.94      3123
           9       0.98      0.98      0.98     62958
          10       0.96      0.94      0.95      3123

    accuracy                           0.96     91414
   macro avg       0.93      0.92      0.92     91414
weighted avg       0.96      0.96      0.96     91414

epoch:0003,------------loss:5.19403076171875
epoch:0003,------------loss:5.742279052734375
epoch:0003,------------loss:16.908966064453125
epoch:0003,------------loss:2.727294921875
              precision    recall  f1-score   support

           1       0.89      0.92      0.91      3593
           2       0.96      0.95      0.96      2808
           3       0.91      0.94      0.92      3596
           4       0.92      0.87      0.89      1771
           5       0.92      0.86      0.89      6500
           6       0.93      0.88      0.91      1772
           7       0.86      0.87      0.86      2170
           8       0.96      0.93      0.95      3123
           9       0.98      0.98      0.98     62958
          10       0.97      0.94      0.95      3123

    accuracy                           0.96     91414
   macro avg       0.93      0.92      0.92     91414
weighted avg       0.96      0.96      0.96     91414

epoch:0004,------------loss:4.066070556640625
epoch:0004,------------loss:12.497802734375
epoch:0004,------------loss:4.398468017578125
epoch:0004,------------loss:2.408721923828125
              precision    recall  f1-score   support

           1       0.91      0.91      0.91      3593
           2       0.97      0.93      0.95      2808
           3       0.93      0.93      0.93      3596
           4       0.89      0.91      0.90      1771
           5       0.88      0.91      0.90      6500
           6       0.90      0.92      0.91      1772
           7       0.86      0.86      0.86      2170
           8       0.96      0.93      0.94      3123
           9       0.98      0.98      0.98     62958
          10       0.97      0.94      0.95      3123

    accuracy                           0.96     91414
   macro avg       0.93      0.92      0.92     91414
weighted avg       0.96      0.96      0.96     91414

epoch:0005,------------loss:2.142242431640625
epoch:0005,------------loss:1.5634765625
epoch:0005,------------loss:2.5903472900390625
epoch:0005,------------loss:6.4339599609375
              precision    recall  f1-score   support

           1       0.91      0.91      0.91      3593
           2       0.96      0.95      0.95      2808
           3       0.93      0.93      0.93      3596
           4       0.93      0.86      0.89      1771
           5       0.95      0.84      0.89      6500
           6       0.94      0.87      0.90      1772
           7       0.86      0.86      0.86      2170
           8       0.95      0.94      0.95      3123
           9       0.97      0.99      0.98     62958
          10       0.96      0.95      0.95      3123

    accuracy                           0.96     91414
   macro avg       0.94      0.91      0.92     91414
weighted avg       0.96      0.96      0.96     91414

epoch:0006,------------loss:4.5410308837890625
epoch:0006,------------loss:7.890026092529297
epoch:0006,------------loss:0.40170860290527344
epoch:0006,------------loss:0.6156450510025024
              precision    recall  f1-score   support

           1       0.91      0.91      0.91      3593
           2       0.97      0.95      0.96      2808
           3       0.93      0.93      0.93      3596
           4       0.91      0.92      0.91      1771
           5       0.90      0.93      0.91      6500
           6       0.91      0.93      0.92      1772
           7       0.86      0.86      0.86      2170
           8       0.97      0.93      0.95      3123
           9       0.98      0.98      0.98     62958
          10       0.97      0.94      0.96      3123

    accuracy                           0.96     91414
   macro avg       0.93      0.93      0.93     91414
weighted avg       0.96      0.96      0.96     91414

epoch:0007,------------loss:0.3115406036376953
epoch:0007,------------loss:3.486927032470703
epoch:0007,------------loss:1.548741102218628
epoch:0007,------------loss:0.7703714370727539
              precision    recall  f1-score   support

           1       0.92      0.92      0.92      3593
           2       0.96      0.95      0.96      2808
           3       0.93      0.94      0.93      3596
           4       0.90      0.92      0.91      1771
           5       0.90      0.92      0.91      6500
           6       0.91      0.93      0.92      1772
           7       0.88      0.88      0.88      2170
           8       0.96      0.94      0.95      3123
           9       0.98      0.98      0.98     62958
          10       0.97      0.95      0.96      3123

    accuracy                           0.96     91414
   macro avg       0.93      0.93      0.93     91414
weighted avg       0.96      0.96      0.96     91414

epoch:0008,------------loss:1.0915699005126953
epoch:0008,------------loss:1.706719994544983
epoch:0008,------------loss:0.43111181259155273
epoch:0008,------------loss:0.2358531951904297
              precision    recall  f1-score   support

           1       0.92      0.91      0.92      3593
           2       0.97      0.95      0.96      2808
           3       0.94      0.93      0.93      3596
           4       0.91      0.92      0.92      1771
           5       0.90      0.92      0.91      6500
           6       0.91      0.93      0.92      1772
           7       0.89      0.87      0.88      2170
           8       0.96      0.93      0.95      3123
           9       0.98      0.98      0.98     62958
          10       0.97      0.94      0.96      3123

    accuracy                           0.97     91414
   macro avg       0.94      0.93      0.93     91414
weighted avg       0.97      0.97      0.97     91414

epoch:0009,------------loss:0.7928924560546875
epoch:0009,------------loss:0.112823486328125
epoch:0009,------------loss:0.2537841796875
epoch:0009,------------loss:0.361846923828125
              precision    recall  f1-score   support

           1       0.92      0.90      0.91      3593
           2       0.96      0.95      0.96      2808
           3       0.94      0.92      0.93      3596
           4       0.91      0.91      0.91      1771
           5       0.90      0.92      0.91      6500
           6       0.91      0.93      0.92      1772
           7       0.88      0.86      0.87      2170
           8       0.96      0.94      0.95      3123
           9       0.98      0.98      0.98     62958
          10       0.96      0.94      0.95      3123

    accuracy                           0.96     91414
   macro avg       0.93      0.93      0.93     91414
weighted avg       0.96      0.96      0.96     91414