train len: 24271
test len: 7585
valid len 6068
epoch:0000,------------loss:2.3770241737365723
epoch:0000,------------loss:0.5685843825340271
epoch:0000,------------loss:0.4519144892692566
epoch:0000,------------loss:0.4642612934112549
['南', '京', '市', '政', '府', '将', '首', '次', '通', '过', '因', '特', '网']
['B_nt', 'M_nt', 'M_nt', 'M_nt', 'E_nt', 'O', 'O', 'O', 'O', 'O', 'O', 'O', 'O']
['B_nt', 'M_nt', 'M_nt', 'M_nt', 'E_nt', 'O', 'O', 'O', 'O', 'O', 'O', 'O', 'O']
              precision    recall  f1-score   support

           1       0.82      0.75      0.78      3593
           2       0.84      0.84      0.84      2808
           3       0.81      0.77      0.79      3596
           4       0.81      0.76      0.78      1771
           5       0.82      0.77      0.80      6500
           6       0.85      0.70      0.77      1772
           7       0.68      0.67      0.68      2170
           8       0.87      0.79      0.83      3123
           9       0.94      0.97      0.95     62958
          10       0.88      0.85      0.87      3123

    accuracy                           0.91     91414
   macro avg       0.83      0.79      0.81     91414
weighted avg       0.91      0.91      0.91     91414

epoch:0001,------------loss:0.3115505278110504
epoch:0001,------------loss:0.21583080291748047
epoch:0001,------------loss:0.15229977667331696
epoch:0001,------------loss:0.1658158004283905
['泰', '国', '等', '东', '南', '亚', '国', '家', '没', '有', '加', '强', '对', '银', '行', '和', '非', '银', '行', '金', '融', '机', '构', '的', '监', '管']
['B_ns', 'E_ns', 'O', 'B_ns', 'M_ns', 'E_ns', 'O', 'O', 'O', 'O', 'O', 'O', 'O', 'O', 'O', 'O', 'O', 'O', 'O', 'O', 'O', 'O', 'O', 'O', 'O', 'O']
['B_ns', 'E_ns', 'O', 'B_ns', 'M_ns', 'E_ns', 'O', 'O', 'O', 'O', 'O', 'O', 'O', 'O', 'O', 'O', 'O', 'O', 'O', 'O', 'O', 'O', 'O', 'O', 'O', 'O']
              precision    recall  f1-score   support

           1       0.86      0.85      0.85      3593
           2       0.92      0.90      0.91      2808
           3       0.88      0.84      0.86      3596
           4       0.86      0.82      0.84      1771
           5       0.87      0.82      0.84      6500
           6       0.88      0.81      0.84      1772
           7       0.80      0.75      0.78      2170
           8       0.91      0.88      0.89      3123
           9       0.96      0.98      0.97     62958
          10       0.93      0.90      0.91      3123

    accuracy                           0.93     91414
   macro avg       0.89      0.85      0.87     91414
weighted avg       0.93      0.93      0.93     91414

epoch:0002,------------loss:0.21782787144184113
epoch:0002,------------loss:0.21370956301689148
epoch:0002,------------loss:0.23549102246761322
epoch:0002,------------loss:0.2585340142250061
['在', '蒙', '特', '卡', '洛', '：', '山', '东', '杂', '技', '团', '的', '《', '车', '技', '》', '（', '上', '图', '）', '获']
['O', 'B_ns', 'M_ns', 'M_ns', 'E_ns', 'O', 'B_nt', 'M_nt', 'M_nt', 'M_nt', 'E_nt', 'O', 'O', 'O', 'O', 'O', 'O', 'O', 'O', 'O', 'O']        
['O', 'B_ns', 'E_ns', 'M_ns', 'E_ns', 'O', 'B_nt', 'M_nt', 'M_nt', 'M_nt', 'E_nt', 'O', 'O', 'O', 'O', 'O', 'O', 'O', 'O', 'O', 'O']        
              precision    recall  f1-score   support

           1       0.86      0.88      0.87      3593
           2       0.92      0.94      0.93      2808
           3       0.88      0.91      0.89      3596
           4       0.87      0.84      0.86      1771
           5       0.89      0.82      0.85      6500
           6       0.87      0.84      0.86      1772
           7       0.82      0.80      0.81      2170
           8       0.92      0.90      0.91      3123
           9       0.97      0.98      0.97     62958
          10       0.95      0.92      0.93      3123

    accuracy                           0.94     91414
   macro avg       0.90      0.88      0.89     91414
weighted avg       0.94      0.94      0.94     91414

epoch:0003,------------loss:0.18632608652114868
epoch:0003,------------loss:0.07336892187595367
epoch:0003,------------loss:0.1578647792339325
epoch:0003,------------loss:0.1248207837343216
['山', '东']
['B_ns', 'E_ns']
['B_ns', 'E_ns']
              precision    recall  f1-score   support

           1       0.88      0.89      0.88      3593
           2       0.92      0.95      0.93      2808
           3       0.91      0.89      0.90      3596
           4       0.86      0.89      0.88      1771
           5       0.87      0.89      0.88      6500
           6       0.86      0.91      0.88      1772
           7       0.81      0.83      0.82      2170
           8       0.92      0.92      0.92      3123
           9       0.98      0.97      0.97     62958
          10       0.93      0.94      0.94      3123

    accuracy                           0.95     91414
   macro avg       0.89      0.91      0.90     91414
weighted avg       0.95      0.95      0.95     91414

epoch:0004,------------loss:0.1045733317732811
epoch:0004,------------loss:0.07767500728368759
epoch:0004,------------loss:0.08990674465894699
epoch:0004,------------loss:0.21579577028751373
['由', '议', '长', '托', '马', '斯', '·', '萨', '维', '率', '领', '的', '爱', '沙', '尼', '亚', '共', '和', '国', '议', '会', '代', '表', '
团', '将', '于', '一', '月', '十', '二', '日', '至', '十', '九', '日', '对', '中', '国', '进', '行', '正', '式', '友', '好', '访', '问']    
['O', 'O', 'O', 'B_nr', 'M_nr', 'M_nr', 'M_nr', 'M_nr', 'E_nr', 'O', 'O', 'O', 'B_nt', 'M_nt', 'M_nt', 'M_nt', 'M_nt', 'M_nt', 'M_nt', 'M_nt', 'E_nt', 'O', 'O', 'O', 'O', 'O', 'O', 'O', 'O', 'O', 'O', 'O', 'O', 'O', 'O', 'O', 'B_ns', 'E_ns', 'O', 'O', 'O', 'O', 'O', 'O', 'O', 'O']
['O', 'O', 'O', 'M_nr', 'M_nr', 'M_nr', 'M_nr', 'M_nr', 'E_nr', 'O', 'O', 'O', 'O', 'M_ns', 'M_ns', 'E_ns', 'O', 'O', 'M_nt', 'M_nt', 'E_nt', 'O', 'O', 'O', 'O', 'O', 'O', 'O', 'O', 'O', 'O', 'O', 'O', 'O', 'O', 'O', 'B_ns', 'E_ns', 'O', 'O', 'O', 'O', 'O', 'O', 'O', 'O']        
              precision    recall  f1-score   support

           1       0.88      0.89      0.89      3593
           2       0.95      0.92      0.94      2808
           3       0.90      0.91      0.91      3596
           4       0.90      0.86      0.88      1771
           5       0.91      0.85      0.88      6500
           6       0.90      0.87      0.89      1772
           7       0.83      0.83      0.83      2170
           8       0.94      0.92      0.93      3123
           9       0.97      0.98      0.98     62958
          10       0.96      0.93      0.95      3123

    accuracy                           0.95     91414
   macro avg       0.91      0.90      0.90     91414
weighted avg       0.95      0.95      0.95     91414

epoch:0005,------------loss:0.10040120035409927
epoch:0005,------------loss:0.08657411485910416
epoch:0005,------------loss:0.08586549013853073
epoch:0005,------------loss:0.10888607800006866
['广', '大', '爱', '国', '爱', '港', '爱', '澳', '的', '香', '港', '人', '士', '和', '澳', '门', '同', '胞']
['O', 'O', 'O', 'O', 'O', 'O', 'O', 'O', 'O', 'B_ns', 'E_ns', 'O', 'O', 'O', 'B_ns', 'E_ns', 'O', 'O']
['O', 'O', 'O', 'O', 'O', 'O', 'O', 'O', 'O', 'B_ns', 'E_ns', 'O', 'O', 'O', 'B_ns', 'E_ns', 'O', 'O']
              precision    recall  f1-score   support

           1       0.91      0.88      0.89      3593
           2       0.95      0.95      0.95      2808
           3       0.92      0.90      0.91      3596
           4       0.88      0.89      0.88      1771
           5       0.90      0.88      0.89      6500
           6       0.90      0.90      0.90      1772
           7       0.82      0.85      0.83      2170
           8       0.93      0.93      0.93      3123
           9       0.97      0.98      0.98     62958
          10       0.95      0.94      0.94      3123

    accuracy                           0.95     91414
   macro avg       0.91      0.91      0.91     91414
weighted avg       0.95      0.95      0.95     91414

epoch:0006,------------loss:0.042935412377119064
epoch:0006,------------loss:0.08317360281944275
epoch:0006,------------loss:0.054826002568006516
epoch:0006,------------loss:0.0708622857928276
['俄', '罗', '斯', '和', '朝', '鲜', '更', '具', '优', '势']
['B_ns', 'M_ns', 'E_ns', 'O', 'B_ns', 'E_ns', 'O', 'O', 'O', 'O']
['B_ns', 'M_ns', 'E_ns', 'O', 'B_ns', 'E_ns', 'O', 'O', 'O', 'O']
              precision    recall  f1-score   support

           1       0.89      0.90      0.90      3593
           2       0.95      0.94      0.94      2808
           3       0.90      0.93      0.91      3596
           4       0.90      0.89      0.90      1771
           5       0.88      0.91      0.89      6500
           6       0.89      0.92      0.90      1772
           7       0.84      0.85      0.84      2170
           8       0.94      0.92      0.93      3123
           9       0.98      0.97      0.98     62958
          10       0.96      0.93      0.95      3123

    accuracy                           0.96     91414
   macro avg       0.91      0.92      0.91     91414
weighted avg       0.96      0.96      0.96     91414

epoch:0007,------------loss:0.052272163331508636
epoch:0007,------------loss:0.08178169280290604
epoch:0007,------------loss:0.04931710660457611
epoch:0007,------------loss:0.043643768876791
['国', '防', '科', '工', '委', '负', '责', '同', '志', '举', '起', '酒', '杯', '说']
['B_nt', 'M_nt', 'M_nt', 'M_nt', 'E_nt', 'O', 'O', 'O', 'O', 'O', 'O', 'O', 'O', 'O']
['B_nt', 'M_nt', 'M_nt', 'M_nt', 'E_nt', 'O', 'O', 'O', 'O', 'O', 'O', 'O', 'O', 'O']
              precision    recall  f1-score   support

           1       0.89      0.91      0.90      3593
           2       0.95      0.94      0.95      2808
           3       0.91      0.91      0.91      3596
           4       0.92      0.86      0.89      1771
           5       0.90      0.86      0.88      6500
           6       0.91      0.88      0.89      1772
           7       0.86      0.81      0.83      2170
           8       0.95      0.92      0.93      3123
           9       0.97      0.98      0.98     62958
          10       0.96      0.94      0.95      3123

    accuracy                           0.95     91414
   macro avg       0.92      0.90      0.91     91414
weighted avg       0.95      0.95      0.95     91414

epoch:0008,------------loss:0.04477196931838989
epoch:0008,------------loss:0.032869741320610046
epoch:0008,------------loss:0.03698508441448212
epoch:0008,------------loss:0.022196916863322258
['目', '前', '在', '积', '分', '榜', '上', '仍', '仅', '次', '于', '八', '一', '队', '排', '在', '第', '二']
['O', 'O', 'O', 'O', 'O', 'O', 'O', 'O', 'O', 'O', 'O', 'B_nt', 'M_nt', 'E_nt', 'O', 'O', 'O', 'O']
['O', 'O', 'O', 'O', 'O', 'O', 'O', 'O', 'O', 'O', 'O', 'B_nt', 'M_nt', 'E_nt', 'O', 'O', 'O', 'O']
              precision    recall  f1-score   support

           1       0.90      0.89      0.90      3593
           2       0.94      0.95      0.95      2808
           3       0.92      0.91      0.92      3596
           4       0.90      0.87      0.88      1771
           5       0.89      0.88      0.88      6500
           6       0.90      0.89      0.90      1772
           7       0.84      0.84      0.84      2170
           8       0.94      0.93      0.93      3123
           9       0.97      0.98      0.98     62958
          10       0.94      0.95      0.94      3123

    accuracy                           0.95     91414
   macro avg       0.91      0.91      0.91     91414
weighted avg       0.95      0.95      0.95     91414

epoch:0009,------------loss:0.03905472159385681
epoch:0009,------------loss:0.0576653778553009
epoch:0009,------------loss:0.039351169019937515
epoch:0009,------------loss:0.019836267456412315
['童', '志', '成', '乐', '呵', '呵', '地', '对', '记', '者', '说']
['B_nr', 'M_nr', 'E_nr', 'O', 'O', 'O', 'O', 'O', 'O', 'O', 'O']
['B_nr', 'M_nr', 'E_nr', 'O', 'O', 'O', 'O', 'O', 'O', 'O', 'O']
              precision    recall  f1-score   support

           1       0.90      0.89      0.90      3593
           2       0.95      0.95      0.95      2808
           3       0.91      0.92      0.92      3596
           4       0.89      0.90      0.89      1771
           5       0.87      0.90      0.89      6500
           6       0.89      0.92      0.90      1772
           7       0.82      0.85      0.84      2170
           8       0.94      0.93      0.93      3123
           9       0.98      0.97      0.98     62958
          10       0.96      0.94      0.95      3123

    accuracy                           0.95     91414
   macro avg       0.91      0.92      0.91     91414
weighted avg       0.96      0.95      0.96     91414