train len: 24271
test len: 7585
valid len 6068
epoch:0000,------------loss:4614.32177734375
epoch:0000,------------loss:620.9376220703125
epoch:0000,------------loss:607.7797241210938
epoch:0000,------------loss:500.521240234375
              precision    recall  f1-score   support

           1       0.56      0.19      0.28      3593
           2       1.00      0.00      0.00      2808
           3       0.59      0.18      0.27      3596
           4       0.99      0.08      0.14      1771
           5       0.53      0.30      0.39      6500
           6       0.94      0.13      0.22      1772
           7       1.00      0.00      0.00      2170
           8       0.61      0.07      0.13      3123
           9       0.74      0.99      0.85     62958
          10       0.87      0.16      0.27      3123

    accuracy                           0.73     91414
   macro avg       0.78      0.21      0.26     91414
weighted avg       0.74      0.73      0.65     91414

epoch:0001,------------loss:353.1726989746094
epoch:0001,------------loss:388.872314453125
epoch:0001,------------loss:398.8983154296875
epoch:0001,------------loss:402.3359375
              precision    recall  f1-score   support

           1       0.63      0.41      0.50      3593
           2       0.85      0.24      0.38      2808
           3       0.65      0.39      0.49      3596
           4       0.79      0.31      0.45      1771
           5       0.60      0.58      0.59      6500
           6       0.76      0.29      0.42      1772
           7       0.65      0.10      0.17      2170
           8       0.76      0.29      0.42      3123
           9       0.82      0.97      0.89     62958
          10       0.80      0.44      0.57      3123

    accuracy                           0.79     91414
   macro avg       0.73      0.40      0.49     91414
weighted avg       0.78      0.79      0.76     91414

epoch:0002,------------loss:315.96527099609375
epoch:0002,------------loss:409.72052001953125
epoch:0002,------------loss:280.5067443847656
epoch:0002,------------loss:251.421875
              precision    recall  f1-score   support

           1       0.68      0.56      0.62      3593
           2       0.81      0.51      0.63      2808
           3       0.68      0.55      0.61      3596
           4       0.80      0.46      0.58      1771
           5       0.73      0.63      0.67      6500
           6       0.79      0.48      0.59      1772
           7       0.60      0.28      0.39      2170
           8       0.78      0.50      0.61      3123
           9       0.86      0.97      0.92     62958
          10       0.83      0.61      0.70      3123

    accuracy                           0.84     91414
   macro avg       0.76      0.56      0.63     91414
weighted avg       0.83      0.84      0.82     91414

epoch:0003,------------loss:193.52276611328125
epoch:0003,------------loss:210.2977294921875
epoch:0003,------------loss:194.846435546875
epoch:0003,------------loss:221.68368530273438
              precision    recall  f1-score   support

           1       0.74      0.62      0.68      3593
           2       0.81      0.64      0.72      2808
           3       0.75      0.61      0.68      3596
           4       0.77      0.62      0.69      1771
           5       0.69      0.76      0.73      6500
           6       0.74      0.63      0.68      1772
           7       0.62      0.40      0.48      2170
           8       0.78      0.63      0.70      3123
           9       0.91      0.96      0.93     62958
          10       0.83      0.70      0.76      3123

    accuracy                           0.86     91414
   macro avg       0.77      0.66      0.70     91414
weighted avg       0.86      0.86      0.86     91414

epoch:0004,------------loss:199.1241455078125
epoch:0004,------------loss:195.12939453125
epoch:0004,------------loss:176.65777587890625
epoch:0004,------------loss:105.09494018554688
              precision    recall  f1-score   support

           1       0.77      0.65      0.71      3593
           2       0.83      0.73      0.78      2808
           3       0.78      0.66      0.71      3596
           4       0.78      0.70      0.74      1771
           5       0.76      0.77      0.76      6500
           6       0.78      0.69      0.73      1772
           7       0.64      0.47      0.54      2170
           8       0.81      0.69      0.75      3123
           9       0.92      0.96      0.94     62958
          10       0.86      0.75      0.80      3123

    accuracy                           0.88     91414
   macro avg       0.79      0.71      0.75     91414
weighted avg       0.87      0.88      0.88     91414

epoch:0005,------------loss:190.9039306640625
epoch:0005,------------loss:149.8548583984375
epoch:0005,------------loss:164.50762939453125
epoch:0005,------------loss:128.48931884765625
              precision    recall  f1-score   support

           1       0.77      0.70      0.74      3593
           2       0.85      0.78      0.81      2808
           3       0.79      0.72      0.75      3596
           4       0.80      0.72      0.76      1771
           5       0.79      0.78      0.79      6500
           6       0.81      0.71      0.76      1772
           7       0.66      0.55      0.60      2170
           8       0.84      0.72      0.78      3123
           9       0.93      0.96      0.95     62958
          10       0.89      0.78      0.83      3123

    accuracy                           0.89     91414
   macro avg       0.81      0.74      0.78     91414
weighted avg       0.89      0.89      0.89     91414

epoch:0006,------------loss:186.849853515625
epoch:0006,------------loss:91.77841186523438
epoch:0006,------------loss:101.84613037109375
epoch:0006,------------loss:132.2430419921875
              precision    recall  f1-score   support

           1       0.79      0.73      0.76      3593
           2       0.85      0.81      0.83      2808
           3       0.81      0.74      0.77      3596
           4       0.83      0.73      0.78      1771
           5       0.85      0.74      0.79      6500
           6       0.83      0.71      0.77      1772
           7       0.69      0.59      0.63      2170
           8       0.83      0.76      0.79      3123
           9       0.93      0.97      0.95     62958
          10       0.89      0.82      0.85      3123

    accuracy                           0.90     91414
   macro avg       0.83      0.76      0.79     91414
weighted avg       0.90      0.90      0.90     91414

epoch:0007,------------loss:135.34457397460938
epoch:0007,------------loss:124.58291625976562
epoch:0007,------------loss:74.25543212890625
epoch:0007,------------loss:137.93368530273438
              precision    recall  f1-score   support

           1       0.81      0.76      0.78      3593
           2       0.85      0.84      0.85      2808
           3       0.83      0.77      0.80      3596
           4       0.81      0.79      0.80      1771
           5       0.80      0.83      0.82      6500
           6       0.80      0.78      0.79      1772
           7       0.69      0.67      0.68      2170
           8       0.84      0.78      0.81      3123
           9       0.95      0.96      0.96     62958
          10       0.89      0.84      0.87      3123

    accuracy                           0.91     91414
   macro avg       0.83      0.80      0.82     91414
weighted avg       0.91      0.91      0.91     91414

epoch:0008,------------loss:105.82891845703125
epoch:0008,------------loss:70.30288696289062
epoch:0008,------------loss:94.02383422851562
epoch:0008,------------loss:61.60919189453125
              precision    recall  f1-score   support

           1       0.82      0.77      0.80      3593
           2       0.88      0.84      0.86      2808
           3       0.84      0.79      0.81      3596
           4       0.85      0.78      0.81      1771
           5       0.86      0.80      0.83      6500
           6       0.84      0.77      0.81      1772
           7       0.72      0.66      0.69      2170
           8       0.85      0.80      0.83      3123
           9       0.94      0.97      0.96     62958
          10       0.90      0.85      0.87      3123

    accuracy                           0.92     91414
   macro avg       0.85      0.80      0.83     91414
weighted avg       0.91      0.92      0.91     91414

epoch:0009,------------loss:81.02142333984375
epoch:0009,------------loss:67.82421875
epoch:0009,------------loss:62.711395263671875
epoch:0009,------------loss:95.12225341796875
              precision    recall  f1-score   support

           1       0.82      0.80      0.81      3593
           2       0.89      0.86      0.87      2808
           3       0.84      0.82      0.83      3596
           4       0.85      0.80      0.82      1771
           5       0.86      0.83      0.84      6500
           6       0.84      0.80      0.82      1772
           7       0.72      0.71      0.72      2170
           8       0.87      0.81      0.84      3123
           9       0.95      0.97      0.96     62958
          10       0.92      0.85      0.88      3123

    accuracy                           0.92     91414
   macro avg       0.86      0.82      0.84     91414
weighted avg       0.92      0.92      0.92     91414