train len: 24271
test len: 7585
valid len 6068
epoch:0000,------------loss:4839.1357421875
epoch:0000,------------loss:37.4283447265625
epoch:0000,------------loss:43.105194091796875
epoch:0000,------------loss:27.329742431640625
              precision    recall  f1-score   support

           1       0.87      0.87      0.87      3593
           2       0.92      0.94      0.93      2808
           3       0.89      0.89      0.89      3596
           4       0.91      0.80      0.85      1771
           5       0.91      0.82      0.86      6500
           6       0.92      0.81      0.86      1772
           7       0.82      0.79      0.80      2170
           8       0.93      0.89      0.91      3123
           9       0.96      0.98      0.97     62958
          10       0.95      0.91      0.93      3123

    accuracy                           0.94     91414
   macro avg       0.91      0.87      0.89     91414
weighted avg       0.94      0.94      0.94     91414

epoch:0001,------------loss:18.499969482421875
epoch:0001,------------loss:14.363754272460938
epoch:0001,------------loss:26.205368041992188
epoch:0001,------------loss:19.508071899414062
              precision    recall  f1-score   support

           1       0.87      0.90      0.89      3593
           2       0.93      0.95      0.94      2808
           3       0.89      0.92      0.90      3596
           4       0.88      0.89      0.88      1771
           5       0.89      0.86      0.87      6500
           6       0.88      0.89      0.89      1772
           7       0.81      0.86      0.84      2170
           8       0.93      0.93      0.93      3123
           9       0.98      0.97      0.97     62958
          10       0.95      0.94      0.94      3123

    accuracy                           0.95     91414
   macro avg       0.90      0.91      0.91     91414
weighted avg       0.95      0.95      0.95     91414

epoch:0002,------------loss:12.291748046875
epoch:0002,------------loss:8.52655029296875
epoch:0002,------------loss:33.19989776611328
epoch:0002,------------loss:38.188236236572266
              precision    recall  f1-score   support

           1       0.91      0.88      0.89      3593
           2       0.93      0.95      0.94      2808
           3       0.92      0.89      0.91      3596
           4       0.84      0.90      0.87      1771
           5       0.82      0.90      0.86      6500
           6       0.84      0.91      0.87      1772
           7       0.83      0.84      0.83      2170
           8       0.94      0.93      0.93      3123
           9       0.98      0.97      0.97     62958
          10       0.95      0.94      0.95      3123

    accuracy                           0.95     91414
   macro avg       0.90      0.91      0.90     91414
weighted avg       0.95      0.95      0.95     91414

epoch:0003,------------loss:21.684642791748047
epoch:0003,------------loss:19.1614933013916
epoch:0003,------------loss:12.15320873260498
epoch:0003,------------loss:12.40779972076416
              precision    recall  f1-score   support

           1       0.89      0.90      0.90      3593
           2       0.95      0.95      0.95      2808
           3       0.91      0.91      0.91      3596
           4       0.90      0.88      0.89      1771
           5       0.90      0.85      0.87      6500
           6       0.90      0.88      0.89      1772
           7       0.82      0.83      0.83      2170
           8       0.94      0.93      0.94      3123
           9       0.97      0.98      0.98     62958
          10       0.95      0.94      0.95      3123

    accuracy                           0.95     91414
   macro avg       0.91      0.90      0.91     91414
weighted avg       0.95      0.95      0.95     91414

epoch:0004,------------loss:1.8367667198181152
epoch:0004,------------loss:12.057923316955566
epoch:0004,------------loss:48.62315368652344
epoch:0004,------------loss:21.636552810668945
              precision    recall  f1-score   support

           1       0.91      0.89      0.90      3593
           2       0.93      0.94      0.94      2808
           3       0.93      0.91      0.92      3596
           4       0.90      0.88      0.89      1771
           5       0.89      0.88      0.88      6500
           6       0.90      0.89      0.90      1772
           7       0.85      0.83      0.84      2170
           8       0.94      0.92      0.93      3123
           9       0.97      0.98      0.98     62958
          10       0.95      0.94      0.94      3123

    accuracy                           0.95     91414
   macro avg       0.92      0.91      0.91     91414
weighted avg       0.95      0.95      0.95     91414

epoch:0005,------------loss:8.231239318847656
epoch:0005,------------loss:12.556884765625
epoch:0005,------------loss:23.03325653076172
epoch:0005,------------loss:14.267704010009766
              precision    recall  f1-score   support

           1       0.91      0.89      0.90      3593
           2       0.94      0.94      0.94      2808
           3       0.93      0.91      0.92      3596
           4       0.86      0.91      0.88      1771
           5       0.84      0.91      0.87      6500
           6       0.86      0.91      0.89      1772
           7       0.82      0.86      0.84      2170
           8       0.93      0.93      0.93      3123
           9       0.98      0.97      0.98     62958
          10       0.95      0.94      0.94      3123

    accuracy                           0.95     91414
   macro avg       0.90      0.92      0.91     91414
weighted avg       0.95      0.95      0.95     91414

epoch:0006,------------loss:7.852062225341797
epoch:0006,------------loss:18.22679901123047
epoch:0006,------------loss:2.2209320068359375
epoch:0006,------------loss:22.2763671875
              precision    recall  f1-score   support

           1       0.88      0.91      0.90      3593
           2       0.94      0.93      0.94      2808
           3       0.90      0.93      0.92      3596
           4       0.89      0.87      0.88      1771
           5       0.89      0.85      0.87      6500
           6       0.90      0.88      0.89      1772
           7       0.78      0.87      0.82      2170
           8       0.94      0.92      0.93      3123
           9       0.98      0.98      0.98     62958
          10       0.96      0.93      0.94      3123

    accuracy                           0.95     91414
   macro avg       0.91      0.91      0.91     91414
weighted avg       0.95      0.95      0.95     91414

epoch:0007,------------loss:1.844757080078125
epoch:0007,------------loss:7.440032958984375
epoch:0007,------------loss:12.402374267578125
epoch:0007,------------loss:17.97467041015625
              precision    recall  f1-score   support

           1       0.88      0.91      0.89      3593
           2       0.95      0.93      0.94      2808
           3       0.90      0.93      0.91      3596
           4       0.88      0.89      0.88      1771
           5       0.86      0.88      0.87      6500
           6       0.87      0.89      0.88      1772
           7       0.78      0.88      0.83      2170
           8       0.95      0.91      0.93      3123
           9       0.98      0.97      0.98     62958
          10       0.96      0.93      0.94      3123

    accuracy                           0.95     91414
   macro avg       0.90      0.91      0.91     91414
weighted avg       0.95      0.95      0.95     91414

epoch:0008,------------loss:6.99420166015625
epoch:0008,------------loss:3.555267333984375
epoch:0008,------------loss:8.019775390625
epoch:0008,------------loss:31.10400390625
              precision    recall  f1-score   support

           1       0.90      0.89      0.90      3593
           2       0.94      0.94      0.94      2808
           3       0.92      0.90      0.91      3596
           4       0.87      0.89      0.88      1771
           5       0.87      0.88      0.87      6500
           6       0.87      0.89      0.88      1772
           7       0.81      0.86      0.84      2170
           8       0.94      0.93      0.93      3123
           9       0.98      0.98      0.98     62958
          10       0.95      0.94      0.95      3123

    accuracy                           0.95     91414
   macro avg       0.91      0.91      0.91     91414
weighted avg       0.95      0.95      0.95     91414

epoch:0009,------------loss:7.7647705078125
epoch:0009,------------loss:9.22479248046875
epoch:0009,------------loss:7.22393798828125
epoch:0009,------------loss:10.61761474609375
              precision    recall  f1-score   support

           1       0.89      0.90      0.90      3593
           2       0.95      0.93      0.94      2808
           3       0.91      0.92      0.91      3596
           4       0.90      0.86      0.88      1771
           5       0.89      0.86      0.87      6500
           6       0.90      0.86      0.88      1772
           7       0.86      0.83      0.85      2170
           8       0.94      0.92      0.93      3123
           9       0.97      0.98      0.98     62958
          10       0.95      0.93      0.94      3123

    accuracy                           0.95     91414
   macro avg       0.92      0.90      0.91     91414
weighted avg       0.95      0.95      0.95     91414