train len: 24271
test len: 7585
valid len 6068
epoch:0000,------------loss:5021.57470703125
epoch:0000,------------loss:254.8570556640625
epoch:0000,------------loss:217.35647583007812
epoch:0000,------------loss:128.32058715820312
              precision    recall  f1-score   support

           1       0.81      0.80      0.80      3593
           2       0.88      0.86      0.87      2808
           3       0.83      0.82      0.83      3596
           4       0.85      0.78      0.82      1771
           5       0.87      0.78      0.82      6500
           6       0.86      0.76      0.81      1772
           7       0.75      0.65      0.70      2170
           8       0.87      0.81      0.84      3123
           9       0.95      0.97      0.96     62958
          10       0.92      0.85      0.88      3123

    accuracy                           0.92     91414
   macro avg       0.86      0.81      0.83     91414
weighted avg       0.92      0.92      0.92     91414

epoch:0001,------------loss:61.959625244140625
epoch:0001,------------loss:103.60037231445312
epoch:0001,------------loss:38.342864990234375
epoch:0001,------------loss:46.092803955078125
              precision    recall  f1-score   support

           1       0.86      0.85      0.86      3593
           2       0.93      0.90      0.92      2808
           3       0.88      0.87      0.88      3596
           4       0.89      0.83      0.86      1771
           5       0.89      0.83      0.86      6500
           6       0.89      0.84      0.87      1772
           7       0.80      0.80      0.80      2170
           8       0.92      0.87      0.90      3123
           9       0.96      0.98      0.97     62958
          10       0.95      0.90      0.92      3123

    accuracy                           0.94     91414
   macro avg       0.90      0.87      0.88     91414
weighted avg       0.94      0.94      0.94     91414

epoch:0002,------------loss:56.9903564453125
epoch:0002,------------loss:20.19366455078125
epoch:0002,------------loss:30.0811767578125
epoch:0002,------------loss:54.888214111328125
              precision    recall  f1-score   support

           1       0.89      0.88      0.89      3593
           2       0.94      0.93      0.94      2808
           3       0.91      0.90      0.91      3596
           4       0.89      0.88      0.89      1771
           5       0.89      0.88      0.89      6500
           6       0.90      0.88      0.89      1772
           7       0.83      0.84      0.83      2170
           8       0.94      0.91      0.92      3123
           9       0.97      0.98      0.98     62958
          10       0.95      0.93      0.94      3123

    accuracy                           0.95     91414
   macro avg       0.91      0.90      0.91     91414
weighted avg       0.95      0.95      0.95     91414

epoch:0003,------------loss:16.72344970703125
epoch:0003,------------loss:18.93292236328125
epoch:0003,------------loss:24.695281982421875
epoch:0003,------------loss:31.6915283203125
              precision    recall  f1-score   support

           1       0.91      0.89      0.90      3593
           2       0.93      0.96      0.94      2808
           3       0.92      0.91      0.91      3596
           4       0.89      0.90      0.90      1771
           5       0.90      0.90      0.90      6500
           6       0.91      0.91      0.91      1772
           7       0.87      0.81      0.84      2170
           8       0.92      0.94      0.93      3123
           9       0.98      0.98      0.98     62958
          10       0.93      0.95      0.94      3123

    accuracy                           0.96     91414
   macro avg       0.92      0.92      0.92     91414
weighted avg       0.96      0.96      0.96     91414

epoch:0004,------------loss:12.644805908203125
epoch:0004,------------loss:5.5458984375
epoch:0004,------------loss:25.496795654296875
epoch:0004,------------loss:14.40997314453125
              precision    recall  f1-score   support

           1       0.90      0.90      0.90      3593
           2       0.95      0.95      0.95      2808
           3       0.91      0.92      0.92      3596
           4       0.89      0.89      0.89      1771
           5       0.90      0.88      0.89      6500
           6       0.90      0.90      0.90      1772
           7       0.88      0.83      0.85      2170
           8       0.94      0.93      0.93      3123
           9       0.98      0.98      0.98     62958
          10       0.95      0.94      0.95      3123

    accuracy                           0.96     91414
   macro avg       0.92      0.91      0.92     91414
weighted avg       0.96      0.96      0.96     91414

epoch:0005,------------loss:9.91339111328125
epoch:0005,------------loss:15.843597412109375
epoch:0005,------------loss:9.012908935546875
epoch:0005,------------loss:16.438720703125
              precision    recall  f1-score   support

           1       0.90      0.91      0.90      3593
           2       0.95      0.94      0.95      2808
           3       0.91      0.93      0.92      3596
           4       0.90      0.91      0.90      1771
           5       0.90      0.91      0.91      6500
           6       0.91      0.92      0.91      1772
           7       0.83      0.86      0.85      2170
           8       0.94      0.93      0.93      3123
           9       0.98      0.98      0.98     62958
          10       0.95      0.94      0.95      3123

    accuracy                           0.96     91414
   macro avg       0.92      0.92      0.92     91414
weighted avg       0.96      0.96      0.96     91414

epoch:0006,------------loss:6.070404052734375
epoch:0006,------------loss:10.530426025390625
epoch:0006,------------loss:9.597991943359375
epoch:0006,------------loss:5.5909423828125
              precision    recall  f1-score   support

           1       0.90      0.90      0.90      3593
           2       0.96      0.92      0.94      2808
           3       0.92      0.92      0.92      3596
           4       0.90      0.90      0.90      1771
           5       0.88      0.90      0.89      6500
           6       0.91      0.90      0.90      1772
           7       0.85      0.83      0.84      2170
           8       0.95      0.92      0.94      3123
           9       0.98      0.98      0.98     62958
          10       0.96      0.93      0.94      3123

    accuracy                           0.96     91414
   macro avg       0.92      0.91      0.92     91414
weighted avg       0.96      0.96      0.96     91414

epoch:0007,------------loss:4.522369384765625
epoch:0007,------------loss:3.539276123046875
epoch:0007,------------loss:1.8994140625
epoch:0007,------------loss:6.438323974609375
              precision    recall  f1-score   support

           1       0.92      0.90      0.91      3593
           2       0.94      0.95      0.95      2808
           3       0.94      0.92      0.93      3596
           4       0.91      0.91      0.91      1771
           5       0.92      0.90      0.91      6500
           6       0.91      0.91      0.91      1772
           7       0.87      0.86      0.86      2170
           8       0.94      0.94      0.94      3123
           9       0.98      0.98      0.98     62958
          10       0.95      0.95      0.95      3123

    accuracy                           0.96     91414
   macro avg       0.93      0.92      0.92     91414
weighted avg       0.96      0.96      0.96     91414

epoch:0008,------------loss:0.9326019287109375
epoch:0008,------------loss:2.4218902587890625
epoch:0008,------------loss:2.275054931640625
epoch:0008,------------loss:3.532470703125
              precision    recall  f1-score   support

           1       0.90      0.91      0.90      3593
           2       0.96      0.93      0.95      2808
           3       0.92      0.92      0.92      3596
           4       0.92      0.88      0.90      1771
           5       0.92      0.88      0.90      6500
           6       0.92      0.88      0.90      1772
           7       0.83      0.86      0.84      2170
           8       0.95      0.92      0.94      3123
           9       0.97      0.98      0.98     62958
          10       0.96      0.93      0.95      3123

    accuracy                           0.96     91414
   macro avg       0.93      0.91      0.92     91414
weighted avg       0.96      0.96      0.96     91414

epoch:0009,------------loss:7.745750427246094
epoch:0009,------------loss:1.529815673828125
epoch:0009,------------loss:3.0038223266601562
epoch:0009,------------loss:2.644868850708008
              precision    recall  f1-score   support

           1       0.90      0.91      0.90      3593
           2       0.96      0.93      0.95      2808
           3       0.92      0.92      0.92      3596
           4       0.90      0.91      0.90      1771
           5       0.89      0.91      0.90      6500
           6       0.90      0.92      0.91      1772
           7       0.82      0.87      0.85      2170
           8       0.95      0.93      0.94      3123
           9       0.98      0.98      0.98     62958
          10       0.95      0.93      0.94      3123

    accuracy                           0.96     91414
   macro avg       0.92      0.92      0.92     91414
weighted avg       0.96      0.96      0.96     91414