train len: 24271
test len: 7585
valid len 6068
epoch:0000,------------loss:4776.27490234375
epoch:0000,------------loss:170.287841796875
epoch:0000,------------loss:110.88906860351562
epoch:0000,------------loss:129.68295288085938
              precision    recall  f1-score   support

           1       0.85      0.84      0.84      3593
           2       0.91      0.90      0.90      2808
           3       0.87      0.86      0.86      3596
           4       0.87      0.84      0.85      1771
           5       0.87      0.85      0.86      6500
           6       0.87      0.82      0.85      1772
           7       0.78      0.74      0.76      2170
           8       0.90      0.86      0.88      3123
           9       0.96      0.97      0.97     62958
          10       0.93      0.90      0.91      3123

    accuracy                           0.93     91414
   macro avg       0.88      0.86      0.87     91414
weighted avg       0.93      0.93      0.93     91414

epoch:0001,------------loss:40.892730712890625
epoch:0001,------------loss:65.95663452148438
epoch:0001,------------loss:87.33761596679688
epoch:0001,------------loss:45.89404296875
              precision    recall  f1-score   support

           1       0.90      0.87      0.88      3593
           2       0.94      0.94      0.94      2808
           3       0.91      0.88      0.90      3596
           4       0.90      0.88      0.89      1771
           5       0.91      0.87      0.89      6500
           6       0.89      0.89      0.89      1772
           7       0.86      0.79      0.82      2170
           8       0.93      0.91      0.92      3123
           9       0.97      0.98      0.98     62958
          10       0.95      0.93      0.94      3123

    accuracy                           0.95     91414
   macro avg       0.92      0.89      0.91     91414
weighted avg       0.95      0.95      0.95     91414

epoch:0002,------------loss:39.441741943359375
epoch:0002,------------loss:22.158966064453125
epoch:0002,------------loss:23.787017822265625
epoch:0002,------------loss:25.441558837890625
              precision    recall  f1-score   support

           1       0.91      0.88      0.90      3593
           2       0.95      0.94      0.94      2808
           3       0.93      0.90      0.91      3596
           4       0.88      0.92      0.90      1771
           5       0.87      0.93      0.90      6500
           6       0.88      0.93      0.90      1772
           7       0.88      0.81      0.84      2170
           8       0.94      0.93      0.93      3123
           9       0.98      0.98      0.98     62958
          10       0.95      0.94      0.95      3123

    accuracy                           0.96     91414
   macro avg       0.92      0.91      0.92     91414
weighted avg       0.96      0.96      0.96     91414

epoch:0003,------------loss:8.623779296875
epoch:0003,------------loss:6.223480224609375
epoch:0003,------------loss:12.379730224609375
epoch:0003,------------loss:4.0919189453125
              precision    recall  f1-score   support

           1       0.90      0.91      0.91      3593
           2       0.95      0.96      0.95      2808
           3       0.92      0.92      0.92      3596
           4       0.88      0.92      0.90      1771
           5       0.88      0.91      0.90      6500
           6       0.89      0.92      0.90      1772
           7       0.86      0.86      0.86      2170
           8       0.94      0.94      0.94      3123
           9       0.98      0.98      0.98     62958
          10       0.95      0.95      0.95      3123

    accuracy                           0.96     91414
   macro avg       0.92      0.93      0.92     91414
weighted avg       0.96      0.96      0.96     91414

epoch:0004,------------loss:10.382843017578125
epoch:0004,------------loss:3.718536376953125
epoch:0004,------------loss:12.388702392578125
epoch:0004,------------loss:17.201141357421875
              precision    recall  f1-score   support

           1       0.91      0.91      0.91      3593
           2       0.97      0.94      0.95      2808
           3       0.93      0.92      0.92      3596
           4       0.91      0.91      0.91      1771
           5       0.90      0.91      0.90      6500
           6       0.91      0.91      0.91      1772
           7       0.85      0.87      0.86      2170
           8       0.96      0.92      0.94      3123
           9       0.98      0.98      0.98     62958
          10       0.97      0.93      0.95      3123

    accuracy                           0.96     91414
   macro avg       0.93      0.92      0.92     91414
weighted avg       0.96      0.96      0.96     91414

epoch:0005,------------loss:2.76177978515625
epoch:0005,------------loss:1.12762451171875
epoch:0005,------------loss:3.6939849853515625
epoch:0005,------------loss:1.5819091796875
              precision    recall  f1-score   support

           1       0.93      0.90      0.91      3593
           2       0.96      0.96      0.96      2808
           3       0.94      0.92      0.93      3596
           4       0.90      0.92      0.91      1771
           5       0.90      0.92      0.91      6500
           6       0.91      0.92      0.91      1772
           7       0.87      0.86      0.87      2170
           8       0.95      0.94      0.94      3123
           9       0.98      0.98      0.98     62958
          10       0.96      0.95      0.96      3123

    accuracy                           0.96     91414
   macro avg       0.93      0.93      0.93     91414
weighted avg       0.96      0.96      0.96     91414

epoch:0006,------------loss:1.612274169921875
epoch:0006,------------loss:0.5151214599609375
epoch:0006,------------loss:3.1952972412109375
epoch:0006,------------loss:4.014732360839844
              precision    recall  f1-score   support

           1       0.91      0.91      0.91      3593
           2       0.96      0.95      0.96      2808
           3       0.93      0.93      0.93      3596
           4       0.91      0.91      0.91      1771
           5       0.91      0.89      0.90      6500
           6       0.91      0.91      0.91      1772
           7       0.85      0.87      0.86      2170
           8       0.95      0.93      0.94      3123
           9       0.98      0.98      0.98     62958
          10       0.96      0.94      0.95      3123

    accuracy                           0.96     91414
   macro avg       0.93      0.92      0.93     91414
weighted avg       0.96      0.96      0.96     91414

epoch:0007,------------loss:0.4114227294921875
epoch:0007,------------loss:3.168726921081543
epoch:0007,------------loss:1.9339263439178467
epoch:0007,------------loss:2.0017306804656982
              precision    recall  f1-score   support

           1       0.92      0.91      0.91      3593
           2       0.95      0.96      0.95      2808
           3       0.93      0.92      0.93      3596
           4       0.92      0.89      0.91      1771
           5       0.92      0.87      0.90      6500
           6       0.92      0.90      0.91      1772
           7       0.85      0.86      0.85      2170
           8       0.94      0.94      0.94      3123
           9       0.98      0.98      0.98     62958
          10       0.95      0.95      0.95      3123

    accuracy                           0.96     91414
   macro avg       0.93      0.92      0.92     91414
weighted avg       0.96      0.96      0.96     91414

epoch:0008,------------loss:0.5813482999801636
epoch:0008,------------loss:0.2986912727355957
epoch:0008,------------loss:0.15722596645355225
epoch:0008,------------loss:2.9811105728149414
              precision    recall  f1-score   support

           1       0.91      0.91      0.91      3593
           2       0.95      0.96      0.96      2808
           3       0.93      0.93      0.93      3596
           4       0.91      0.92      0.91      1771
           5       0.91      0.90      0.91      6500
           6       0.91      0.91      0.91      1772
           7       0.85      0.88      0.86      2170
           8       0.96      0.94      0.95      3123
           9       0.98      0.98      0.98     62958
          10       0.97      0.95      0.96      3123

    accuracy                           0.96     91414
   macro avg       0.93      0.93      0.93     91414
weighted avg       0.96      0.96      0.96     91414

epoch:0009,------------loss:0.6697812080383301
epoch:0009,------------loss:0.2830169200897217
epoch:0009,------------loss:0.3813629150390625
epoch:0009,------------loss:0.8641891479492188
              precision    recall  f1-score   support

           1       0.91      0.91      0.91      3593
           2       0.97      0.95      0.96      2808
           3       0.93      0.93      0.93      3596
           4       0.92      0.89      0.90      1771
           5       0.93      0.88      0.90      6500
           6       0.92      0.90      0.91      1772
           7       0.84      0.88      0.86      2170
           8       0.96      0.93      0.95      3123
           9       0.98      0.99      0.98     62958
          10       0.97      0.94      0.96      3123

    accuracy                           0.96     91414
   macro avg       0.93      0.92      0.93     91414
weighted avg       0.96      0.96      0.96     91414